<?xml version="1.0" encoding="UTF-8"?>
<!-- Generated by org.testng.reporters.JUnitXMLReporter -->
<testsuite ignored="0" hostname="Rajeshkumar11" failures="0" tests="15" name="Test" time="96.91" errors="0" timestamp="2025-06-05T07:34:52 IST">
  <testcase classname="com.Sauce.Test.CartFunctionality" name="Addaproducttothecart" time="0.462"/>
  <testcase classname="com.Sauce.Test.CartFunctionality" name="Addmultipleproductsandverifycartitemcount" time="3.535"/>
  <testcase classname="com.Sauce.Test.CartFunctionality" name="Removeaproductfromthecart" time="3.631"/>
  <testcase classname="com.Sauce.Test.CheckoutProcess" name="Completetheorderandvalidateconfirmation" time="4.05"/>
  <testcase classname="com.Sauce.Test.CheckoutProcess" name="Errormessagesformissinguserinfo" time="3.965"/>
  <testcase classname="com.Sauce.Test.CheckoutProcess" name="Filloutuserinformationandcontinue" time="3.914"/>
  <testcase classname="com.Sauce.Test.CheckoutProcess" name="Proceedtocheckoutfromcart" time="3.714"/>
  <testcase classname="com.Sauce.Test.LoginsTest" name="Errormessageverificationwhenusernameorpasswordismissing" time="0.481"/>
  <testcase classname="com.Sauce.Test.LoginsTest" name="InvalidLoginwithwrongusernamepassword" time="0.299"/>
  <testcase classname="com.Sauce.Test.LoginsTest" name="Lockedoutuserloginattempt" time="0.297"/>
  <testcase classname="com.Sauce.Test.LoginsTest" name="ValidLoginwithstandarduser" time="0.309"/>
  <testcase classname="com.Sauce.Test.ProductListingPageTest" name="Clickonproductandvalidateredirectiontoproductdetailpage" time="0.388"/>
  <testcase classname="com.Sauce.Test.ProductListingPageTest" name="Sortproductsandvalidateorder" time="0.407"/>
  <testcase classname="com.Sauce.Test.ProductListingPageTest" name="Validateproductnamedescriptionandprice" time="0.338"/>
  <testcase classname="com.Sauce.Test.ProductListingPageTest" name="Verifyallproductaredisplayed" time="0.392"/>
</testsuite> <!-- Test -->
