<?xml version="1.0" encoding="UTF-8"?>
<testng-results ignored="0" total="15" passed="15" failed="0" skipped="0">
  <reporter-output>
  </reporter-output>
  <suite started-at="2025-06-05T07:33:15 IST" name="Suite" finished-at="2025-06-05T07:34:52 IST" duration-ms="96910">
    <groups>
    </groups>
    <test started-at="2025-06-05T07:33:15 IST" name="Test" finished-at="2025-06-05T07:34:52 IST" duration-ms="96910">
      <class name="com.Sauce.Test.CartFunctionality">
        <test-method is-config="true" signature="startDriver()[pri:0, instance:com.Sauce.Test.CartFunctionality@26794848]" started-at="2025-06-05T07:33:15 IST" name="startDriver" finished-at="2025-06-05T07:33:19 IST" duration-ms="3726" status="PASS">
          <reporter-output>
          </reporter-output>
        </test-method> <!-- startDriver -->
        <test-method signature="Addaproducttothecart(java.lang.String,java.lang.String,java.lang.String)[pri:0, instance:com.Sauce.Test.CartFunctionality@26794848]" started-at="2025-06-05T07:33:19 IST" name="Addaproducttothecart" finished-at="2025-06-05T07:33:19 IST" duration-ms="462" status="PASS">
          <params>
            <param index="0">
              <value>
                <![CDATA[standard_user]]>
              </value>
            </param>
            <param index="1">
              <value>
                <![CDATA[secret_sauce]]>
              </value>
            </param>
            <param index="2">
              <value>
                <![CDATA[Sauce Labs Bolt T-Shirt]]>
              </value>
            </param>
          </params>
          <reporter-output>
          </reporter-output>
        </test-method> <!-- Addaproducttothecart -->
        <test-method is-config="true" signature="stopDriver()[pri:0, instance:com.Sauce.Test.CartFunctionality@26794848]" started-at="2025-06-05T07:33:20 IST" name="stopDriver" finished-at="2025-06-05T07:33:21 IST" duration-ms="1309" status="PASS">
          <reporter-output>
          </reporter-output>
        </test-method> <!-- stopDriver -->
        <test-method is-config="true" signature="startDriver()[pri:0, instance:com.Sauce.Test.CartFunctionality@26794848]" started-at="2025-06-05T07:33:21 IST" name="startDriver" finished-at="2025-06-05T07:33:25 IST" duration-ms="3716" status="PASS">
          <reporter-output>
          </reporter-output>
        </test-method> <!-- startDriver -->
        <test-method signature="Addmultipleproductsandverifycartitemcount(java.lang.String,java.lang.String,java.lang.String,java.lang.String)[pri:0, instance:com.Sauce.Test.CartFunctionality@26794848]" started-at="2025-06-05T07:33:25 IST" name="Addmultipleproductsandverifycartitemcount" finished-at="2025-06-05T07:33:28 IST" duration-ms="3535" status="PASS">
          <params>
            <param index="0">
              <value>
                <![CDATA[standard_user]]>
              </value>
            </param>
            <param index="1">
              <value>
                <![CDATA[secret_sauce]]>
              </value>
            </param>
            <param index="2">
              <value>
                <![CDATA[Sauce Labs Bolt T-Shirt]]>
              </value>
            </param>
            <param index="3">
              <value>
                <![CDATA[Sauce Labs Fleece Jacket]]>
              </value>
            </param>
          </params>
          <reporter-output>
          </reporter-output>
        </test-method> <!-- Addmultipleproductsandverifycartitemcount -->
        <test-method is-config="true" signature="stopDriver()[pri:0, instance:com.Sauce.Test.CartFunctionality@26794848]" started-at="2025-06-05T07:33:28 IST" name="stopDriver" finished-at="2025-06-05T07:33:30 IST" duration-ms="1238" status="PASS">
          <reporter-output>
          </reporter-output>
        </test-method> <!-- stopDriver -->
        <test-method is-config="true" signature="startDriver()[pri:0, instance:com.Sauce.Test.CartFunctionality@26794848]" started-at="2025-06-05T07:33:30 IST" name="startDriver" finished-at="2025-06-05T07:33:33 IST" duration-ms="3052" status="PASS">
          <reporter-output>
          </reporter-output>
        </test-method> <!-- startDriver -->
        <test-method signature="Removeaproductfromthecart(java.lang.String,java.lang.String,java.lang.String,java.lang.String)[pri:0, instance:com.Sauce.Test.CartFunctionality@26794848]" started-at="2025-06-05T07:33:33 IST" name="Removeaproductfromthecart" finished-at="2025-06-05T07:33:36 IST" duration-ms="3631" status="PASS">
          <params>
            <param index="0">
              <value>
                <![CDATA[standard_user]]>
              </value>
            </param>
            <param index="1">
              <value>
                <![CDATA[secret_sauce]]>
              </value>
            </param>
            <param index="2">
              <value>
                <![CDATA[Sauce Labs Bolt T-Shirt]]>
              </value>
            </param>
            <param index="3">
              <value>
                <![CDATA[Sauce Labs Fleece Jacket]]>
              </value>
            </param>
          </params>
          <reporter-output>
          </reporter-output>
        </test-method> <!-- Removeaproductfromthecart -->
        <test-method is-config="true" signature="stopDriver()[pri:0, instance:com.Sauce.Test.CartFunctionality@26794848]" started-at="2025-06-05T07:33:37 IST" name="stopDriver" finished-at="2025-06-05T07:33:38 IST" duration-ms="1249" status="PASS">
          <reporter-output>
          </reporter-output>
        </test-method> <!-- stopDriver -->
      </class> <!-- com.Sauce.Test.CartFunctionality -->
      <class name="com.Sauce.Test.LoginsTest">
        <test-method is-config="true" signature="startDriver()[pri:0, instance:com.Sauce.Test.LoginsTest@43c1b556]" started-at="2025-06-05T07:34:12 IST" name="startDriver" finished-at="2025-06-05T07:34:15 IST" duration-ms="3101" status="PASS">
          <reporter-output>
          </reporter-output>
        </test-method> <!-- startDriver -->
        <test-method signature="Errormessageverificationwhenusernameorpasswordismissing(java.lang.String,java.lang.String)[pri:0, instance:com.Sauce.Test.LoginsTest@43c1b556]" started-at="2025-06-05T07:34:15 IST" name="Errormessageverificationwhenusernameorpasswordismissing" finished-at="2025-06-05T07:34:16 IST" duration-ms="481" status="PASS">
          <params>
            <param index="0">
              <value>
                <![CDATA[standard_user]]>
              </value>
            </param>
            <param index="1">
              <value>
                <![CDATA[secret_sauce]]>
              </value>
            </param>
          </params>
          <reporter-output>
          </reporter-output>
        </test-method> <!-- Errormessageverificationwhenusernameorpasswordismissing -->
        <test-method is-config="true" signature="stopDriver()[pri:0, instance:com.Sauce.Test.LoginsTest@43c1b556]" started-at="2025-06-05T07:34:16 IST" name="stopDriver" finished-at="2025-06-05T07:34:17 IST" duration-ms="1231" status="PASS">
          <reporter-output>
          </reporter-output>
        </test-method> <!-- stopDriver -->
        <test-method is-config="true" signature="startDriver()[pri:0, instance:com.Sauce.Test.LoginsTest@43c1b556]" started-at="2025-06-05T07:34:17 IST" name="startDriver" finished-at="2025-06-05T07:34:20 IST" duration-ms="3162" status="PASS">
          <reporter-output>
          </reporter-output>
        </test-method> <!-- startDriver -->
        <test-method signature="InvalidLoginwithwrongusernamepassword(java.lang.String,java.lang.String)[pri:0, instance:com.Sauce.Test.LoginsTest@43c1b556]" started-at="2025-06-05T07:34:20 IST" name="InvalidLoginwithwrongusernamepassword" finished-at="2025-06-05T07:34:20 IST" duration-ms="299" status="PASS">
          <params>
            <param index="0">
              <value>
                <![CDATA[standard_user]]>
              </value>
            </param>
            <param index="1">
              <value>
                <![CDATA[secret]]>
              </value>
            </param>
          </params>
          <reporter-output>
          </reporter-output>
        </test-method> <!-- InvalidLoginwithwrongusernamepassword -->
        <test-method is-config="true" signature="stopDriver()[pri:0, instance:com.Sauce.Test.LoginsTest@43c1b556]" started-at="2025-06-05T07:34:21 IST" name="stopDriver" finished-at="2025-06-05T07:34:22 IST" duration-ms="1220" status="PASS">
          <reporter-output>
          </reporter-output>
        </test-method> <!-- stopDriver -->
        <test-method is-config="true" signature="startDriver()[pri:0, instance:com.Sauce.Test.LoginsTest@43c1b556]" started-at="2025-06-05T07:34:22 IST" name="startDriver" finished-at="2025-06-05T07:34:25 IST" duration-ms="3162" status="PASS">
          <reporter-output>
          </reporter-output>
        </test-method> <!-- startDriver -->
        <test-method signature="Lockedoutuserloginattempt(java.lang.String,java.lang.String)[pri:0, instance:com.Sauce.Test.LoginsTest@43c1b556]" started-at="2025-06-05T07:34:25 IST" name="Lockedoutuserloginattempt" finished-at="2025-06-05T07:34:25 IST" duration-ms="297" status="PASS">
          <params>
            <param index="0">
              <value>
                <![CDATA[locked_out_user]]>
              </value>
            </param>
            <param index="1">
              <value>
                <![CDATA[secret_sauce]]>
              </value>
            </param>
          </params>
          <reporter-output>
          </reporter-output>
        </test-method> <!-- Lockedoutuserloginattempt -->
        <test-method is-config="true" signature="stopDriver()[pri:0, instance:com.Sauce.Test.LoginsTest@43c1b556]" started-at="2025-06-05T07:34:26 IST" name="stopDriver" finished-at="2025-06-05T07:34:27 IST" duration-ms="1223" status="PASS">
          <reporter-output>
          </reporter-output>
        </test-method> <!-- stopDriver -->
        <test-method is-config="true" signature="startDriver()[pri:0, instance:com.Sauce.Test.LoginsTest@43c1b556]" started-at="2025-06-05T07:34:27 IST" name="startDriver" finished-at="2025-06-05T07:34:30 IST" duration-ms="3240" status="PASS">
          <reporter-output>
          </reporter-output>
        </test-method> <!-- startDriver -->
        <test-method signature="ValidLoginwithstandarduser(java.lang.String,java.lang.String)[pri:0, instance:com.Sauce.Test.LoginsTest@43c1b556]" started-at="2025-06-05T07:34:30 IST" name="ValidLoginwithstandarduser" finished-at="2025-06-05T07:34:30 IST" duration-ms="309" status="PASS">
          <params>
            <param index="0">
              <value>
                <![CDATA[standard_user]]>
              </value>
            </param>
            <param index="1">
              <value>
                <![CDATA[secret_sauce]]>
              </value>
            </param>
          </params>
          <reporter-output>
          </reporter-output>
        </test-method> <!-- ValidLoginwithstandarduser -->
        <test-method is-config="true" signature="stopDriver()[pri:0, instance:com.Sauce.Test.LoginsTest@43c1b556]" started-at="2025-06-05T07:34:31 IST" name="stopDriver" finished-at="2025-06-05T07:34:32 IST" duration-ms="1252" status="PASS">
          <reporter-output>
          </reporter-output>
        </test-method> <!-- stopDriver -->
      </class> <!-- com.Sauce.Test.LoginsTest -->
      <class name="com.Sauce.Test.CheckoutProcess">
        <test-method is-config="true" signature="startDriver()[pri:0, instance:com.Sauce.Test.CheckoutProcess@4009e306]" started-at="2025-06-05T07:33:38 IST" name="startDriver" finished-at="2025-06-05T07:33:41 IST" duration-ms="3093" status="PASS">
          <reporter-output>
          </reporter-output>
        </test-method> <!-- startDriver -->
        <test-method signature="Completetheorderandvalidateconfirmation(java.lang.String,java.lang.String,java.lang.String,java.lang.String)[pri:0, instance:com.Sauce.Test.CheckoutProcess@4009e306]" started-at="2025-06-05T07:33:41 IST" name="Completetheorderandvalidateconfirmation" finished-at="2025-06-05T07:33:45 IST" duration-ms="4050" status="PASS">
          <params>
            <param index="0">
              <value>
                <![CDATA[standard_user]]>
              </value>
            </param>
            <param index="1">
              <value>
                <![CDATA[secret_sauce]]>
              </value>
            </param>
            <param index="2">
              <value>
                <![CDATA[Sauce Labs Bolt T-Shirt]]>
              </value>
            </param>
            <param index="3">
              <value>
                <![CDATA[Sauce Labs Fleece Jacket]]>
              </value>
            </param>
          </params>
          <reporter-output>
          </reporter-output>
        </test-method> <!-- Completetheorderandvalidateconfirmation -->
        <test-method is-config="true" signature="stopDriver()[pri:0, instance:com.Sauce.Test.CheckoutProcess@4009e306]" started-at="2025-06-05T07:33:45 IST" name="stopDriver" finished-at="2025-06-05T07:33:46 IST" duration-ms="1260" status="PASS">
          <reporter-output>
          </reporter-output>
        </test-method> <!-- stopDriver -->
        <test-method is-config="true" signature="startDriver()[pri:0, instance:com.Sauce.Test.CheckoutProcess@4009e306]" started-at="2025-06-05T07:33:46 IST" name="startDriver" finished-at="2025-06-05T07:33:50 IST" duration-ms="3169" status="PASS">
          <reporter-output>
          </reporter-output>
        </test-method> <!-- startDriver -->
        <test-method signature="Errormessagesformissinguserinfo(java.lang.String,java.lang.String,java.lang.String,java.lang.String)[pri:0, instance:com.Sauce.Test.CheckoutProcess@4009e306]" started-at="2025-06-05T07:33:50 IST" name="Errormessagesformissinguserinfo" finished-at="2025-06-05T07:33:54 IST" duration-ms="3965" status="PASS">
          <params>
            <param index="0">
              <value>
                <![CDATA[standard_user]]>
              </value>
            </param>
            <param index="1">
              <value>
                <![CDATA[secret_sauce]]>
              </value>
            </param>
            <param index="2">
              <value>
                <![CDATA[Sauce Labs Bolt T-Shirt]]>
              </value>
            </param>
            <param index="3">
              <value>
                <![CDATA[Sauce Labs Fleece Jacket]]>
              </value>
            </param>
          </params>
          <reporter-output>
          </reporter-output>
        </test-method> <!-- Errormessagesformissinguserinfo -->
        <test-method is-config="true" signature="stopDriver()[pri:0, instance:com.Sauce.Test.CheckoutProcess@4009e306]" started-at="2025-06-05T07:33:54 IST" name="stopDriver" finished-at="2025-06-05T07:33:55 IST" duration-ms="1275" status="PASS">
          <reporter-output>
          </reporter-output>
        </test-method> <!-- stopDriver -->
        <test-method is-config="true" signature="startDriver()[pri:0, instance:com.Sauce.Test.CheckoutProcess@4009e306]" started-at="2025-06-05T07:33:55 IST" name="startDriver" finished-at="2025-06-05T07:33:58 IST" duration-ms="3151" status="PASS">
          <reporter-output>
          </reporter-output>
        </test-method> <!-- startDriver -->
        <test-method signature="Filloutuserinformationandcontinue(java.lang.String,java.lang.String,java.lang.String,java.lang.String)[pri:0, instance:com.Sauce.Test.CheckoutProcess@4009e306]" started-at="2025-06-05T07:33:58 IST" name="Filloutuserinformationandcontinue" finished-at="2025-06-05T07:34:02 IST" duration-ms="3914" status="PASS">
          <params>
            <param index="0">
              <value>
                <![CDATA[standard_user]]>
              </value>
            </param>
            <param index="1">
              <value>
                <![CDATA[secret_sauce]]>
              </value>
            </param>
            <param index="2">
              <value>
                <![CDATA[Sauce Labs Bolt T-Shirt]]>
              </value>
            </param>
            <param index="3">
              <value>
                <![CDATA[Sauce Labs Fleece Jacket]]>
              </value>
            </param>
          </params>
          <reporter-output>
          </reporter-output>
        </test-method> <!-- Filloutuserinformationandcontinue -->
        <test-method is-config="true" signature="stopDriver()[pri:0, instance:com.Sauce.Test.CheckoutProcess@4009e306]" started-at="2025-06-05T07:34:02 IST" name="stopDriver" finished-at="2025-06-05T07:34:04 IST" duration-ms="1237" status="PASS">
          <reporter-output>
          </reporter-output>
        </test-method> <!-- stopDriver -->
        <test-method is-config="true" signature="startDriver()[pri:0, instance:com.Sauce.Test.CheckoutProcess@4009e306]" started-at="2025-06-05T07:34:04 IST" name="startDriver" finished-at="2025-06-05T07:34:07 IST" duration-ms="3173" status="PASS">
          <reporter-output>
          </reporter-output>
        </test-method> <!-- startDriver -->
        <test-method signature="Proceedtocheckoutfromcart(java.lang.String,java.lang.String,java.lang.String,java.lang.String)[pri:0, instance:com.Sauce.Test.CheckoutProcess@4009e306]" started-at="2025-06-05T07:34:07 IST" name="Proceedtocheckoutfromcart" finished-at="2025-06-05T07:34:10 IST" duration-ms="3714" status="PASS">
          <params>
            <param index="0">
              <value>
                <![CDATA[standard_user]]>
              </value>
            </param>
            <param index="1">
              <value>
                <![CDATA[secret_sauce]]>
              </value>
            </param>
            <param index="2">
              <value>
                <![CDATA[Sauce Labs Bolt T-Shirt]]>
              </value>
            </param>
            <param index="3">
              <value>
                <![CDATA[Sauce Labs Fleece Jacket]]>
              </value>
            </param>
          </params>
          <reporter-output>
          </reporter-output>
        </test-method> <!-- Proceedtocheckoutfromcart -->
        <test-method is-config="true" signature="stopDriver()[pri:0, instance:com.Sauce.Test.CheckoutProcess@4009e306]" started-at="2025-06-05T07:34:11 IST" name="stopDriver" finished-at="2025-06-05T07:34:12 IST" duration-ms="1248" status="PASS">
          <reporter-output>
          </reporter-output>
        </test-method> <!-- stopDriver -->
      </class> <!-- com.Sauce.Test.CheckoutProcess -->
      <class name="com.Sauce.Test.ProductListingPageTest">
        <test-method is-config="true" signature="startDriver()[pri:0, instance:com.Sauce.Test.ProductListingPageTest@587e5365]" started-at="2025-06-05T07:34:32 IST" name="startDriver" finished-at="2025-06-05T07:34:35 IST" duration-ms="3144" status="PASS">
          <reporter-output>
          </reporter-output>
        </test-method> <!-- startDriver -->
        <test-method signature="Clickonproductandvalidateredirectiontoproductdetailpage(java.lang.String,java.lang.String,java.lang.String)[pri:0, instance:com.Sauce.Test.ProductListingPageTest@587e5365]" started-at="2025-06-05T07:34:35 IST" name="Clickonproductandvalidateredirectiontoproductdetailpage" finished-at="2025-06-05T07:34:35 IST" duration-ms="388" status="PASS">
          <params>
            <param index="0">
              <value>
                <![CDATA[standard_user]]>
              </value>
            </param>
            <param index="1">
              <value>
                <![CDATA[secret_sauce]]>
              </value>
            </param>
            <param index="2">
              <value>
                <![CDATA[Sauce Labs Bolt T-Shirt]]>
              </value>
            </param>
          </params>
          <reporter-output>
          </reporter-output>
        </test-method> <!-- Clickonproductandvalidateredirectiontoproductdetailpage -->
        <test-method is-config="true" signature="stopDriver()[pri:0, instance:com.Sauce.Test.ProductListingPageTest@587e5365]" started-at="2025-06-05T07:34:36 IST" name="stopDriver" finished-at="2025-06-05T07:34:37 IST" duration-ms="1241" status="PASS">
          <reporter-output>
          </reporter-output>
        </test-method> <!-- stopDriver -->
        <test-method is-config="true" signature="startDriver()[pri:0, instance:com.Sauce.Test.ProductListingPageTest@587e5365]" started-at="2025-06-05T07:34:37 IST" name="startDriver" finished-at="2025-06-05T07:34:40 IST" duration-ms="3102" status="PASS">
          <reporter-output>
          </reporter-output>
        </test-method> <!-- startDriver -->
        <test-method signature="Sortproductsandvalidateorder(java.lang.String,java.lang.String,java.lang.String)[pri:0, instance:com.Sauce.Test.ProductListingPageTest@587e5365]" started-at="2025-06-05T07:34:40 IST" name="Sortproductsandvalidateorder" finished-at="2025-06-05T07:34:40 IST" duration-ms="407" status="PASS">
          <params>
            <param index="0">
              <value>
                <![CDATA[standard_user]]>
              </value>
            </param>
            <param index="1">
              <value>
                <![CDATA[secret_sauce]]>
              </value>
            </param>
            <param index="2">
              <value>
                <![CDATA[Price (low to high)]]>
              </value>
            </param>
          </params>
          <reporter-output>
          </reporter-output>
        </test-method> <!-- Sortproductsandvalidateorder -->
        <test-method is-config="true" signature="stopDriver()[pri:0, instance:com.Sauce.Test.ProductListingPageTest@587e5365]" started-at="2025-06-05T07:34:41 IST" name="stopDriver" finished-at="2025-06-05T07:34:42 IST" duration-ms="1251" status="PASS">
          <reporter-output>
          </reporter-output>
        </test-method> <!-- stopDriver -->
        <test-method is-config="true" signature="startDriver()[pri:0, instance:com.Sauce.Test.ProductListingPageTest@587e5365]" started-at="2025-06-05T07:34:42 IST" name="startDriver" finished-at="2025-06-05T07:34:45 IST" duration-ms="3162" status="PASS">
          <reporter-output>
          </reporter-output>
        </test-method> <!-- startDriver -->
        <test-method signature="Validateproductnamedescriptionandprice(java.lang.String,java.lang.String,java.lang.String)[pri:0, instance:com.Sauce.Test.ProductListingPageTest@587e5365]" started-at="2025-06-05T07:34:45 IST" name="Validateproductnamedescriptionandprice" finished-at="2025-06-05T07:34:45 IST" duration-ms="338" status="PASS">
          <params>
            <param index="0">
              <value>
                <![CDATA[standard_user]]>
              </value>
            </param>
            <param index="1">
              <value>
                <![CDATA[secret_sauce]]>
              </value>
            </param>
            <param index="2">
              <value>
                <![CDATA[Sauce Labs Bolt T-Shirt]]>
              </value>
            </param>
          </params>
          <reporter-output>
          </reporter-output>
        </test-method> <!-- Validateproductnamedescriptionandprice -->
        <test-method is-config="true" signature="stopDriver()[pri:0, instance:com.Sauce.Test.ProductListingPageTest@587e5365]" started-at="2025-06-05T07:34:46 IST" name="stopDriver" finished-at="2025-06-05T07:34:47 IST" duration-ms="1244" status="PASS">
          <reporter-output>
          </reporter-output>
        </test-method> <!-- stopDriver -->
        <test-method is-config="true" signature="startDriver()[pri:0, instance:com.Sauce.Test.ProductListingPageTest@587e5365]" started-at="2025-06-05T07:34:47 IST" name="startDriver" finished-at="2025-06-05T07:34:50 IST" duration-ms="3103" status="PASS">
          <reporter-output>
          </reporter-output>
        </test-method> <!-- startDriver -->
        <test-method signature="Verifyallproductaredisplayed(java.lang.String,java.lang.String)[pri:0, instance:com.Sauce.Test.ProductListingPageTest@587e5365]" started-at="2025-06-05T07:34:50 IST" name="Verifyallproductaredisplayed" finished-at="2025-06-05T07:34:50 IST" duration-ms="392" status="PASS">
          <params>
            <param index="0">
              <value>
                <![CDATA[standard_user]]>
              </value>
            </param>
            <param index="1">
              <value>
                <![CDATA[secret_sauce]]>
              </value>
            </param>
          </params>
          <reporter-output>
          </reporter-output>
        </test-method> <!-- Verifyallproductaredisplayed -->
        <test-method is-config="true" signature="stopDriver()[pri:0, instance:com.Sauce.Test.ProductListingPageTest@587e5365]" started-at="2025-06-05T07:34:51 IST" name="stopDriver" finished-at="2025-06-05T07:34:52 IST" duration-ms="1229" status="PASS">
          <reporter-output>
          </reporter-output>
        </test-method> <!-- stopDriver -->
      </class> <!-- com.Sauce.Test.ProductListingPageTest -->
    </test> <!-- Test -->
  </suite> <!-- Suite -->
</testng-results>
